<?xml version="1.0" encoding="UTF-8"?>
<testsuite name="MainTest" tests="1" skipped="0" failures="0" errors="0" timestamp="2023-02-25T05:39:21" hostname="seowonseog-ui-MacBookPro.local" time="0.045">
  <properties/>
  <testcase name="NotifyViewHandler 정상 작동 테스트" classname="MainTest" time="0.045"/>
  <system-out><![CDATA[]]></system-out>
  <system-err><![CDATA[]]></system-err>
</testsuite>
